mode: count
github.com/mtk14m/mini-cloud/api-gateway/internal/handlers/auth.go:34.72,36.21 2 3
github.com/mtk14m/mini-cloud/api-gateway/internal/handlers/auth.go:36.21,38.3 1 3
github.com/mtk14m/mini-cloud/api-gateway/internal/handlers/auth.go:40.2,40.30 1 3
github.com/mtk14m/mini-cloud/api-gateway/internal/handlers/auth.go:40.30,42.48 2 3
github.com/mtk14m/mini-cloud/api-gateway/internal/handlers/auth.go:42.48,45.4 2 0
github.com/mtk14m/mini-cloud/api-gateway/internal/handlers/auth.go:48.3,49.17 2 3
github.com/mtk14m/mini-cloud/api-gateway/internal/handlers/auth.go:49.17,52.4 2 2
github.com/mtk14m/mini-cloud/api-gateway/internal/handlers/auth.go:55.3,56.17 2 1
github.com/mtk14m/mini-cloud/api-gateway/internal/handlers/auth.go:56.17,59.4 2 0
github.com/mtk14m/mini-cloud/api-gateway/internal/handlers/auth.go:61.3,66.5 1 1
github.com/mtk14m/mini-cloud/api-gateway/internal/handlers/auth.go:71.75,73.21 2 0
github.com/mtk14m/mini-cloud/api-gateway/internal/handlers/auth.go:73.21,75.3 1 0
github.com/mtk14m/mini-cloud/api-gateway/internal/handlers/auth.go:77.2,77.30 1 0
github.com/mtk14m/mini-cloud/api-gateway/internal/handlers/auth.go:77.30,79.48 2 0
github.com/mtk14m/mini-cloud/api-gateway/internal/handlers/auth.go:79.48,82.4 2 0
github.com/mtk14m/mini-cloud/api-gateway/internal/handlers/auth.go:85.3,86.17 2 0
github.com/mtk14m/mini-cloud/api-gateway/internal/handlers/auth.go:86.17,89.4 2 0
github.com/mtk14m/mini-cloud/api-gateway/internal/handlers/auth.go:91.3,94.5 1 0
github.com/mtk14m/mini-cloud/api-gateway/internal/handlers/auth.go:99.51,100.30 1 0
github.com/mtk14m/mini-cloud/api-gateway/internal/handlers/auth.go:100.30,112.3 4 0
github.com/mtk14m/mini-cloud/api-gateway/internal/handlers/auth.go:116.96,118.16 2 3
github.com/mtk14m/mini-cloud/api-gateway/internal/handlers/auth.go:118.16,120.3 1 0
github.com/mtk14m/mini-cloud/api-gateway/internal/handlers/auth.go:122.2,123.16 2 3
github.com/mtk14m/mini-cloud/api-gateway/internal/handlers/auth.go:123.16,125.3 1 1
github.com/mtk14m/mini-cloud/api-gateway/internal/handlers/auth.go:126.2,128.38 2 2
github.com/mtk14m/mini-cloud/api-gateway/internal/handlers/auth.go:128.38,131.3 2 1
github.com/mtk14m/mini-cloud/api-gateway/internal/handlers/auth.go:133.2,134.16 2 1
github.com/mtk14m/mini-cloud/api-gateway/internal/handlers/auth.go:134.16,136.3 1 0
github.com/mtk14m/mini-cloud/api-gateway/internal/handlers/auth.go:138.2,139.56 2 1
github.com/mtk14m/mini-cloud/api-gateway/internal/handlers/auth.go:139.56,141.3 1 0
github.com/mtk14m/mini-cloud/api-gateway/internal/handlers/auth.go:143.2,143.23 1 1
github.com/mtk14m/mini-cloud/api-gateway/internal/handlers/auth.go:147.73,158.2 3 1
github.com/mtk14m/mini-cloud/api-gateway/internal/handlers/files.go:10.53,11.30 1 0
github.com/mtk14m/mini-cloud/api-gateway/internal/handlers/files.go:11.30,18.17 4 0
github.com/mtk14m/mini-cloud/api-gateway/internal/handlers/files.go:18.17,21.4 2 0
github.com/mtk14m/mini-cloud/api-gateway/internal/handlers/files.go:22.3,32.5 2 0
github.com/mtk14m/mini-cloud/api-gateway/internal/handlers/files.go:36.55,37.30 1 0
github.com/mtk14m/mini-cloud/api-gateway/internal/handlers/files.go:37.30,48.3 3 0
github.com/mtk14m/mini-cloud/api-gateway/internal/handlers/files.go:51.53,52.30 1 0
github.com/mtk14m/mini-cloud/api-gateway/internal/handlers/files.go:52.30,63.3 3 0
github.com/mtk14m/mini-cloud/api-gateway/internal/handlers/health.go:10.34,17.2 1 1
